TN:
SF:src/app.ts
FN:42,(anonymous_8)
FN:42,(anonymous_9)
FN:53,(anonymous_10)
FNF:3
FNH:3
FNDA:1,(anonymous_8)
FNDA:1,(anonymous_9)
FNDA:1,(anonymous_10)
DA:1,1
DA:2,1
DA:3,1
DA:4,1
DA:5,1
DA:6,1
DA:7,1
DA:8,1
DA:9,1
DA:11,1
DA:13,1
DA:15,1
DA:23,1
DA:25,1
DA:34,1
DA:37,1
DA:38,1
DA:40,1
DA:42,1
DA:43,1
DA:50,1
DA:53,1
DA:54,1
DA:64,1
DA:67,1
LF:25
LH:25
BRF:0
BRH:0
end_of_record
TN:
SF:src/server.ts
FN:6,bootstrap
FN:7,(anonymous_10)
FN:12,(anonymous_11)
FN:14,(anonymous_12)
FN:21,(anonymous_13)
FN:30,(anonymous_14)
FNF:6
FNH:0
FNDA:0,bootstrap
FNDA:0,(anonymous_10)
FNDA:0,(anonymous_11)
FNDA:0,(anonymous_12)
FNDA:0,(anonymous_13)
FNDA:0,(anonymous_14)
DA:2,0
DA:3,0
DA:7,0
DA:8,0
DA:12,0
DA:13,0
DA:14,0
DA:15,0
DA:18,0
DA:21,0
DA:22,0
DA:24,0
DA:27,0
DA:28,0
DA:30,0
DA:31,0
DA:32,0
DA:37,0
LF:18
LH:0
BRDA:13,0,0,0
BRDA:31,1,0,0
BRF:2
BRH:0
end_of_record
TN:
SF:src/app/middlewares/accessValidation.ts
FN:7,(anonymous_8)
FN:7,(anonymous_9)
FN:7,(anonymous_10)
FNF:3
FNH:1
FNDA:33,(anonymous_8)
FNDA:0,(anonymous_9)
FNDA:0,(anonymous_10)
DA:2,1
DA:3,1
DA:4,1
DA:7,33
DA:8,0
DA:9,0
DA:10,0
DA:11,0
DA:12,0
DA:13,0
DA:14,0
DA:17,0
DA:18,0
DA:20,0
DA:21,0
DA:42,0
DA:43,0
DA:46,0
DA:47,0
DA:67,0
DA:68,0
DA:70,0
DA:71,0
DA:81,0
DA:82,0
DA:84,0
DA:85,0
DA:86,0
DA:87,0
DA:89,0
DA:91,0
DA:92,0
DA:93,0
DA:94,0
DA:97,0
DA:98,0
DA:99,0
DA:102,0
DA:103,0
DA:107,0
DA:108,0
DA:110,0
DA:111,0
DA:112,0
DA:118,0
DA:119,0
DA:122,0
DA:126,0
DA:131,1
LF:49
LH:5
BRDA:9,0,0,0
BRDA:9,0,1,0
BRDA:9,1,0,0
BRDA:9,1,1,0
BRDA:9,2,0,0
BRDA:9,2,1,0
BRDA:9,3,0,0
BRDA:9,3,1,0
BRDA:10,4,0,0
BRDA:10,4,1,0
BRDA:10,5,0,0
BRDA:10,5,1,0
BRDA:10,6,0,0
BRDA:10,6,1,0
BRDA:10,7,0,0
BRDA:10,7,1,0
BRDA:11,8,0,0
BRDA:11,8,1,0
BRDA:11,9,0,0
BRDA:11,9,1,0
BRDA:11,10,0,0
BRDA:11,10,1,0
BRDA:11,11,0,0
BRDA:11,11,1,0
BRDA:12,12,0,0
BRDA:12,12,1,0
BRDA:12,13,0,0
BRDA:12,13,1,0
BRDA:12,14,0,0
BRDA:12,14,1,0
BRDA:12,15,0,0
BRDA:12,15,1,0
BRDA:13,16,0,0
BRDA:13,16,1,0
BRDA:13,17,0,0
BRDA:13,17,1,0
BRDA:13,18,0,0
BRDA:13,18,1,0
BRDA:13,19,0,0
BRDA:13,19,1,0
BRDA:14,20,0,0
BRDA:14,20,1,0
BRDA:14,21,0,0
BRDA:14,21,1,0
BRDA:14,22,0,0
BRDA:14,22,1,0
BRDA:14,23,0,0
BRDA:14,23,1,0
BRDA:20,24,0,0
BRDA:20,24,1,0
BRDA:42,25,0,0
BRDA:42,25,1,0
BRDA:42,26,0,0
BRDA:42,26,1,0
BRDA:42,27,0,0
BRDA:42,27,1,0
BRDA:42,28,0,0
BRDA:42,28,1,0
BRDA:42,29,0,0
BRDA:42,29,1,0
BRDA:42,30,0,0
BRDA:42,30,1,0
BRDA:42,31,0,0
BRDA:42,31,1,0
BRDA:42,32,0,0
BRDA:42,32,1,0
BRDA:42,33,0,0
BRDA:42,33,1,0
BRDA:42,34,0,0
BRDA:42,34,1,0
BRDA:43,35,0,0
BRDA:43,35,1,0
BRDA:43,36,0,0
BRDA:43,36,1,0
BRDA:43,37,0,0
BRDA:43,37,1,0
BRDA:43,38,0,0
BRDA:43,38,1,0
BRDA:43,39,0,0
BRDA:43,39,1,0
BRDA:43,40,0,0
BRDA:43,40,1,0
BRDA:46,41,0,0
BRDA:46,41,1,0
BRDA:67,42,0,0
BRDA:67,42,1,0
BRDA:67,43,0,0
BRDA:67,43,1,0
BRDA:67,44,0,0
BRDA:67,44,1,0
BRDA:67,45,0,0
BRDA:67,45,1,0
BRDA:67,46,0,0
BRDA:67,46,1,0
BRDA:67,47,0,0
BRDA:67,47,1,0
BRDA:67,48,0,0
BRDA:67,48,1,0
BRDA:67,49,0,0
BRDA:67,49,1,0
BRDA:67,50,0,0
BRDA:67,50,1,0
BRDA:67,51,0,0
BRDA:67,51,1,0
BRDA:68,52,0,0
BRDA:68,52,1,0
BRDA:68,53,0,0
BRDA:68,53,1,0
BRDA:68,54,0,0
BRDA:68,54,1,0
BRDA:68,55,0,0
BRDA:68,55,1,0
BRDA:68,56,0,0
BRDA:68,56,1,0
BRDA:68,57,0,0
BRDA:68,57,1,0
BRDA:68,58,0,0
BRDA:68,58,1,0
BRDA:68,59,0,0
BRDA:68,59,1,0
BRDA:68,60,0,0
BRDA:68,60,1,0
BRDA:68,61,0,0
BRDA:68,61,1,0
BRDA:70,62,0,0
BRDA:70,62,1,0
BRDA:81,63,0,0
BRDA:81,63,1,0
BRDA:81,64,0,0
BRDA:81,64,1,0
BRDA:81,65,0,0
BRDA:81,65,1,0
BRDA:81,66,0,0
BRDA:81,66,1,0
BRDA:81,67,0,0
BRDA:81,67,1,0
BRDA:81,68,0,0
BRDA:81,68,1,0
BRDA:82,69,0,0
BRDA:82,69,1,0
BRDA:82,70,0,0
BRDA:82,70,1,0
BRDA:82,71,0,0
BRDA:82,71,1,0
BRDA:82,72,0,0
BRDA:82,72,1,0
BRDA:82,73,0,0
BRDA:82,73,1,0
BRDA:82,74,0,0
BRDA:82,74,1,0
BRDA:84,75,0,0
BRDA:84,75,1,0
BRDA:86,76,0,0
BRDA:86,77,0,0
BRDA:86,77,1,0
BRDA:86,78,0,0
BRDA:86,78,1,0
BRDA:86,79,0,0
BRDA:86,79,1,0
BRDA:86,80,0,0
BRDA:86,80,1,0
BRDA:86,81,0,0
BRDA:86,81,1,0
BRDA:86,82,0,0
BRDA:86,82,1,0
BRDA:91,83,0,0
BRDA:91,83,1,0
BRDA:93,84,0,0
BRDA:93,84,1,0
BRDA:93,85,0,0
BRDA:93,85,1,0
BRDA:93,86,0,0
BRDA:93,86,1,0
BRDA:93,87,0,0
BRDA:93,87,1,0
BRDA:94,88,0,0
BRDA:94,88,1,0
BRDA:94,89,0,0
BRDA:94,89,1,0
BRDA:94,90,0,0
BRDA:94,90,1,0
BRDA:94,91,0,0
BRDA:94,91,1,0
BRDA:97,92,0,0
BRDA:99,93,0,0
BRDA:99,93,1,0
BRDA:99,94,0,0
BRDA:99,94,1,0
BRDA:102,95,0,0
BRDA:107,96,0,0
BRDA:107,97,0,0
BRDA:107,97,1,0
BRDA:107,98,0,0
BRDA:107,98,1,0
BRDA:107,99,0,0
BRDA:107,99,1,0
BRDA:107,100,0,0
BRDA:107,100,1,0
BRDA:107,101,0,0
BRDA:107,101,1,0
BRDA:110,102,0,0
BRDA:110,103,0,0
BRDA:110,103,1,0
BRDA:110,104,0,0
BRDA:110,104,1,0
BRDA:110,105,0,0
BRDA:110,105,1,0
BRDA:110,106,0,0
BRDA:110,106,1,0
BRDA:118,107,0,0
BRF:210
BRH:0
end_of_record
TN:
SF:src/app/middlewares/auth.ts
FN:10,(anonymous_8)
FN:11,(anonymous_9)
FN:11,(anonymous_10)
FN:20,(anonymous_11)
FN:20,(anonymous_12)
FNF:5
FNH:1
FNDA:41,(anonymous_8)
FNDA:0,(anonymous_9)
FNDA:0,(anonymous_10)
FNDA:0,(anonymous_11)
FNDA:0,(anonymous_12)
DA:2,1
DA:4,1
DA:5,1
DA:6,1
DA:10,1
DA:11,41
DA:12,0
DA:13,0
DA:14,0
DA:16,0
DA:20,1
DA:22,0
DA:23,0
DA:24,0
DA:27,0
DA:29,0
DA:31,0
DA:32,0
DA:35,0
DA:38,1
DA:39,1
LF:21
LH:9
BRDA:23,0,0,0
BRDA:31,1,0,0
BRDA:31,2,0,0
BRDA:31,2,1,0
BRF:4
BRH:0
end_of_record
TN:
SF:src/app/middlewares/globalErrorHandler.ts
FN:16,(anonymous_1)
FNF:1
FNH:0
FNDA:0,(anonymous_1)
DA:5,1
DA:6,1
DA:7,1
DA:9,1
DA:10,1
DA:11,1
DA:12,1
DA:14,1
DA:16,1
DA:22,0
DA:26,0
DA:27,0
DA:28,0
DA:30,0
DA:31,0
DA:32,0
DA:33,0
DA:34,0
DA:35,0
DA:36,0
DA:37,0
DA:38,0
DA:39,0
DA:40,0
DA:41,0
DA:42,0
DA:43,0
DA:44,0
DA:45,0
DA:46,0
DA:47,0
DA:48,0
DA:56,0
DA:57,0
DA:58,0
DA:68,0
DA:76,1
LF:37
LH:10
BRDA:22,0,0,0
BRDA:22,0,1,0
BRDA:30,1,0,0
BRDA:30,1,1,0
BRDA:35,2,0,0
BRDA:35,2,1,0
BRDA:40,3,0,0
BRDA:40,3,1,0
BRDA:45,4,0,0
BRDA:45,4,1,0
BRDA:46,5,0,0
BRDA:46,5,1,0
BRDA:46,6,0,0
BRDA:46,6,1,0
BRDA:48,7,0,0
BRDA:48,7,1,0
BRDA:48,8,0,0
BRDA:48,8,1,0
BRDA:48,9,0,0
BRDA:48,9,1,0
BRDA:52,10,0,0
BRDA:52,10,1,0
BRDA:52,11,0,0
BRDA:52,11,1,0
BRDA:56,12,0,0
BRDA:57,13,0,0
BRDA:57,13,1,0
BRDA:57,14,0,0
BRDA:57,14,1,0
BRDA:58,15,0,0
BRDA:58,15,1,0
BRDA:58,16,0,0
BRDA:58,16,1,0
BRDA:58,17,0,0
BRDA:58,17,1,0
BRDA:62,18,0,0
BRDA:62,18,1,0
BRDA:62,19,0,0
BRDA:62,19,1,0
BRDA:72,20,0,0
BRDA:72,20,1,0
BRDA:72,21,0,0
BRDA:72,21,1,0
BRDA:72,22,0,0
BRDA:72,22,1,0
BRF:45
BRH:0
end_of_record
TN:
SF:src/app/middlewares/validateRequest.ts
FN:5,(anonymous_7)
FN:6,(anonymous_8)
FN:6,(anonymous_9)
FNF:3
FNH:1
FNDA:32,(anonymous_7)
FNDA:0,(anonymous_8)
FNDA:0,(anonymous_9)
DA:5,1
DA:6,32
DA:7,0
DA:8,0
DA:14,0
DA:16,0
DA:20,1
LF:7
LH:3
BRF:0
BRH:0
end_of_record
TN:
SF:src/app/modules/analytics/analytics.controller.ts
FN:7,(anonymous_8)
FN:7,(anonymous_9)
FN:17,(anonymous_10)
FN:17,(anonymous_11)
FN:27,(anonymous_12)
FN:27,(anonymous_13)
FN:37,(anonymous_14)
FN:37,(anonymous_15)
FNF:8
FNH:0
FNDA:0,(anonymous_8)
FNDA:0,(anonymous_9)
FNDA:0,(anonymous_10)
FNDA:0,(anonymous_11)
FNDA:0,(anonymous_12)
FNDA:0,(anonymous_13)
FNDA:0,(anonymous_14)
FNDA:0,(anonymous_15)
DA:1,1
DA:2,1
DA:3,1
DA:4,1
DA:7,1
DA:8,0
DA:9,0
DA:17,1
DA:18,0
DA:19,0
DA:27,1
DA:28,0
DA:29,0
DA:37,1
DA:38,0
DA:39,0
DA:48,1
LF:17
LH:9
BRF:0
BRH:0
end_of_record
TN:
SF:src/app/modules/analytics/analytics.routes.ts
FNF:0
FNH:0
DA:1,1
DA:2,1
DA:3,1
DA:4,1
DA:5,1
DA:7,1
DA:9,1
DA:11,1
DA:13,1
DA:15,1
DA:17,1
LF:11
LH:11
BRF:0
BRH:0
end_of_record
TN:
SF:src/app/modules/analytics/analytics.service.ts
FN:4,(anonymous_8)
FN:4,(anonymous_9)
FN:30,(anonymous_10)
FN:30,(anonymous_11)
FN:218,(anonymous_12)
FN:218,(anonymous_13)
FN:230,(anonymous_14)
FN:260,(anonymous_15)
FN:260,(anonymous_16)
FNF:9
FNH:0
FNDA:0,(anonymous_8)
FNDA:0,(anonymous_9)
FNDA:0,(anonymous_10)
FNDA:0,(anonymous_11)
FNDA:0,(anonymous_12)
FNDA:0,(anonymous_13)
FNDA:0,(anonymous_14)
FNDA:0,(anonymous_15)
FNDA:0,(anonymous_16)
DA:2,1
DA:4,1
DA:5,0
DA:10,0
DA:19,0
DA:26,0
DA:30,1
DA:31,0
DA:53,0
DA:55,0
DA:67,0
DA:76,0
DA:88,0
DA:96,0
DA:103,0
DA:120,0
DA:125,0
DA:142,0
DA:158,0
DA:169,0
DA:187,0
DA:198,0
DA:215,0
DA:218,1
DA:219,0
DA:227,0
DA:230,0
DA:235,0
DA:244,0
DA:249,0
DA:257,0
DA:260,1
DA:261,0
DA:266,0
DA:278,0
DA:297,0
DA:313,0
DA:319,0
DA:322,1
LF:39
LH:6
BRDA:53,0,0,0
BRDA:53,0,1,0
BRDA:53,1,0,0
BRDA:53,1,1,0
BRDA:53,2,0,0
BRDA:53,2,1,0
BRDA:53,3,0,0
BRDA:53,3,1,0
BRDA:203,4,0,0
BRDA:203,4,1,0
BRDA:203,5,0,0
BRDA:203,5,1,0
BRDA:204,6,0,0
BRDA:204,6,1,0
BRDA:204,7,0,0
BRDA:204,7,1,0
BRDA:207,8,0,0
BRDA:207,8,1,0
BRDA:207,9,0,0
BRDA:207,9,1,0
BRDA:208,10,0,0
BRDA:208,10,1,0
BRDA:208,11,0,0
BRDA:208,11,1,0
BRDA:252,12,0,0
BRDA:252,12,1,0
BRDA:252,13,0,0
BRDA:252,13,1,0
BRDA:316,14,0,0
BRDA:316,14,1,0
BRDA:316,15,0,0
BRDA:316,15,1,0
BRDA:317,16,0,0
BRDA:317,16,1,0
BRDA:317,17,0,0
BRDA:317,17,1,0
BRF:36
BRH:0
end_of_record
TN:
SF:src/app/modules/auth/auth.controller.ts
FN:8,(anonymous_9)
FN:8,(anonymous_10)
FN:29,(anonymous_11)
FN:29,(anonymous_12)
FN:42,(anonymous_13)
FN:42,(anonymous_14)
FN:59,(anonymous_15)
FN:59,(anonymous_16)
FN:73,(anonymous_17)
FN:73,(anonymous_18)
FNF:10
FNH:0
FNDA:0,(anonymous_9)
FNDA:0,(anonymous_10)
FNDA:0,(anonymous_11)
FNDA:0,(anonymous_12)
FNDA:0,(anonymous_13)
FNDA:0,(anonymous_14)
FNDA:0,(anonymous_15)
FNDA:0,(anonymous_16)
FNDA:0,(anonymous_17)
FNDA:0,(anonymous_18)
DA:2,1
DA:3,1
DA:4,1
DA:6,1
DA:8,1
DA:9,0
DA:10,0
DA:12,0
DA:17,0
DA:19,0
DA:29,1
DA:30,0
DA:32,0
DA:34,0
DA:42,1
DA:43,0
DA:44,0
DA:46,0
DA:48,0
DA:59,1
DA:60,0
DA:62,0
DA:73,1
DA:74,0
DA:75,0
DA:77,0
DA:88,1
LF:27
LH:10
BRDA:74,0,0,0
BRDA:74,0,1,0
BRDA:74,1,0,0
BRDA:74,1,1,0
BRF:4
BRH:0
end_of_record
TN:
SF:src/app/modules/auth/auth.routes.ts
FNF:0
FNH:0
DA:1,1
DA:2,1
DA:3,1
DA:4,1
DA:5,1
DA:6,1
DA:8,1
DA:10,1
DA:16,1
DA:22,1
DA:32,1
DA:38,1
DA:44,1
LF:13
LH:13
BRF:0
BRH:0
end_of_record
TN:
SF:src/app/modules/auth/auth.service.ts
FN:18,(anonymous_8)
FN:18,(anonymous_9)
FN:58,(anonymous_10)
FN:58,(anonymous_11)
FN:98,(anonymous_12)
FN:101,(anonymous_13)
FN:135,(anonymous_14)
FN:135,(anonymous_15)
FN:162,(anonymous_16)
FN:162,(anonymous_17)
FNF:10
FNH:0
FNDA:0,(anonymous_8)
FNDA:0,(anonymous_9)
FNDA:0,(anonymous_10)
FNDA:0,(anonymous_11)
FNDA:0,(anonymous_12)
FNDA:0,(anonymous_13)
FNDA:0,(anonymous_14)
FNDA:0,(anonymous_15)
FNDA:0,(anonymous_16)
FNDA:0,(anonymous_17)
DA:1,1
DA:2,1
DA:4,1
DA:5,1
DA:6,1
DA:13,1
DA:14,1
DA:15,1
DA:16,1
DA:18,1
DA:19,0
DA:21,0
DA:28,0
DA:29,0
DA:32,0
DA:36,0
DA:39,0
DA:40,0
DA:46,0
DA:52,0
DA:58,1
DA:61,0
DA:62,0
DA:63,0
DA:68,0
DA:69,0
DA:72,0
DA:74,0
DA:80,0
DA:81,0
DA:84,0
DA:93,0
DA:98,1
DA:101,0
DA:102,0
DA:104,0
DA:111,0
DA:112,0
DA:116,0
DA:120,0
DA:123,0
DA:125,0
DA:135,1
DA:137,0
DA:144,0
DA:145,0
DA:148,0
DA:151,0
DA:153,0
DA:162,1
DA:164,0
DA:172,0
DA:173,0
DA:176,0
DA:181,0
DA:182,0
DA:185,0
DA:187,0
DA:197,1
LF:59
LH:15
BRDA:28,0,0,0
BRDA:32,1,0,0
BRDA:33,2,0,0
BRDA:33,2,1,0
BRDA:80,3,0,0
BRDA:106,4,0,0
BRDA:106,4,1,0
BRDA:106,5,0,0
BRDA:106,5,1,0
BRDA:111,6,0,0
BRDA:116,7,0,0
BRDA:117,8,0,0
BRDA:117,8,1,0
BRDA:144,9,0,0
BRDA:172,10,0,0
BRDA:181,11,0,0
BRF:16
BRH:0
end_of_record
TN:
SF:src/app/modules/auth/auth.validation.ts
FNF:0
FNH:0
DA:1,1
DA:3,1
DA:14,1
DA:22,1
DA:32,1
DA:39,1
DA:50,1
LF:7
LH:7
BRF:0
BRH:0
end_of_record
TN:
SF:src/app/modules/comment/comment.controller.ts
FN:7,(anonymous_8)
FN:7,(anonymous_9)
FN:17,(anonymous_10)
FN:17,(anonymous_11)
FN:28,(anonymous_12)
FN:28,(anonymous_13)
FN:39,(anonymous_14)
FN:39,(anonymous_15)
FNF:8
FNH:0
FNDA:0,(anonymous_8)
FNDA:0,(anonymous_9)
FNDA:0,(anonymous_10)
FNDA:0,(anonymous_11)
FNDA:0,(anonymous_12)
FNDA:0,(anonymous_13)
FNDA:0,(anonymous_14)
FNDA:0,(anonymous_15)
DA:1,1
DA:2,1
DA:3,1
DA:4,1
DA:7,1
DA:8,0
DA:9,0
DA:17,1
DA:18,0
DA:19,0
DA:28,1
DA:29,0
DA:30,0
DA:39,1
DA:40,0
DA:41,0
DA:49,1
LF:17
LH:9
BRF:0
BRH:0
end_of_record
TN:
SF:src/app/modules/comment/comment.routes.ts
FNF:0
FNH:0
DA:1,1
DA:2,1
DA:3,1
DA:4,1
DA:5,1
DA:6,1
DA:7,1
DA:9,1
DA:10,1
DA:11,1
DA:13,1
DA:15,1
DA:17,1
LF:13
LH:13
BRF:0
BRH:0
end_of_record
TN:
SF:src/app/modules/comment/comment.service.ts
FN:6,(anonymous_8)
FN:6,(anonymous_9)
FN:27,(anonymous_10)
FN:34,(anonymous_11)
FN:34,(anonymous_12)
FN:45,(anonymous_13)
FN:45,(anonymous_14)
FN:55,(anonymous_15)
FN:55,(anonymous_16)
FNF:9
FNH:0
FNDA:0,(anonymous_8)
FNDA:0,(anonymous_9)
FNDA:0,(anonymous_10)
FNDA:0,(anonymous_11)
FNDA:0,(anonymous_12)
FNDA:0,(anonymous_13)
FNDA:0,(anonymous_14)
FNDA:0,(anonymous_15)
FNDA:0,(anonymous_16)
DA:3,1
DA:6,1
DA:7,0
DA:27,0
DA:31,0
DA:34,1
DA:35,0
DA:42,0
DA:45,1
DA:46,0
DA:52,0
DA:55,1
DA:56,0
DA:61,0
DA:64,1
LF:15
LH:6
BRF:0
BRH:0
end_of_record
TN:
SF:src/app/modules/comment/comment.validation.ts
FNF:0
FNH:0
DA:1,1
DA:3,1
DA:11,1
DA:19,1
DA:26,1
LF:5
LH:5
BRF:0
BRH:0
end_of_record
TN:
SF:src/app/modules/course/course.controller.ts
FN:9,(anonymous_8)
FN:9,(anonymous_9)
FN:19,(anonymous_10)
FN:19,(anonymous_11)
FN:30,(anonymous_12)
FN:30,(anonymous_13)
FN:40,(anonymous_14)
FN:40,(anonymous_15)
FN:57,(anonymous_16)
FN:57,(anonymous_17)
FN:68,(anonymous_18)
FN:68,(anonymous_19)
FN:80,(anonymous_20)
FN:80,(anonymous_21)
FNF:14
FNH:0
FNDA:0,(anonymous_8)
FNDA:0,(anonymous_9)
FNDA:0,(anonymous_10)
FNDA:0,(anonymous_11)
FNDA:0,(anonymous_12)
FNDA:0,(anonymous_13)
FNDA:0,(anonymous_14)
FNDA:0,(anonymous_15)
FNDA:0,(anonymous_16)
FNDA:0,(anonymous_17)
FNDA:0,(anonymous_18)
FNDA:0,(anonymous_19)
FNDA:0,(anonymous_20)
FNDA:0,(anonymous_21)
DA:1,1
DA:2,1
DA:3,1
DA:5,1
DA:6,1
DA:7,1
DA:9,1
DA:10,0
DA:11,0
DA:19,1
DA:20,0
DA:21,0
DA:30,1
DA:31,0
DA:32,0
DA:40,1
DA:41,0
DA:42,0
DA:43,0
DA:44,0
DA:45,0
DA:47,0
DA:49,0
DA:57,1
DA:58,0
DA:59,0
DA:68,1
DA:69,0
DA:70,0
DA:80,1
DA:81,0
DA:82,0
DA:90,1
LF:33
LH:14
BRDA:42,0,0,0
BRDA:42,0,1,0
BRDA:42,1,0,0
BRDA:42,1,1,0
BRDA:42,2,0,0
BRDA:42,2,1,0
BRDA:42,3,0,0
BRDA:42,3,1,0
BRDA:43,4,0,0
BRDA:43,4,1,0
BRF:10
BRH:0
end_of_record
TN:
SF:src/app/modules/course/course.routes.ts
FNF:0
FNH:0
DA:1,1
DA:2,1
DA:3,1
DA:4,1
DA:5,1
DA:6,1
DA:7,1
DA:10,1
DA:12,1
DA:14,1
DA:16,1
DA:18,1
DA:20,1
DA:22,1
DA:24,1
DA:25,1
LF:16
LH:16
BRF:0
BRH:0
end_of_record
TN:
SF:src/app/modules/course/course.service.ts
FN:7,(anonymous_8)
FN:7,(anonymous_9)
FN:20,(anonymous_10)
FN:20,(anonymous_11)
FN:32,(anonymous_12)
FN:32,(anonymous_13)
FN:46,(anonymous_14)
FN:46,(anonymous_15)
FN:99,(anonymous_16)
FN:133,(anonymous_17)
FN:133,(anonymous_18)
FN:186,(anonymous_19)
FN:186,(anonymous_20)
FN:203,(anonymous_21)
FN:203,(anonymous_22)
FNF:15
FNH:0
FNDA:0,(anonymous_8)
FNDA:0,(anonymous_9)
FNDA:0,(anonymous_10)
FNDA:0,(anonymous_11)
FNDA:0,(anonymous_12)
FNDA:0,(anonymous_13)
FNDA:0,(anonymous_14)
FNDA:0,(anonymous_15)
FNDA:0,(anonymous_16)
FNDA:0,(anonymous_17)
FNDA:0,(anonymous_18)
FNDA:0,(anonymous_19)
FNDA:0,(anonymous_20)
FNDA:0,(anonymous_21)
FNDA:0,(anonymous_22)
DA:1,1
DA:2,1
DA:4,1
DA:7,1
DA:8,0
DA:17,0
DA:20,1
DA:21,0
DA:29,0
DA:32,1
DA:33,0
DA:42,0
DA:46,1
DA:47,0
DA:49,0
DA:80,0
DA:89,0
DA:90,0
DA:92,0
DA:97,0
DA:98,0
DA:99,0
DA:102,0
DA:119,0
DA:124,0
DA:129,0
DA:133,1
DA:134,0
DA:180,0
DA:181,0
DA:183,0
DA:186,1
DA:187,0
DA:195,0
DA:203,1
DA:204,0
DA:226,0
DA:235,0
DA:237,0
DA:250,0
DA:263,0
DA:265,0
DA:280,0
DA:295,0
DA:297,0
DA:312,0
DA:327,0
DA:329,0
DA:335,0
DA:341,1
LF:50
LH:11
BRDA:51,0,0,0
BRDA:51,0,1,0
BRDA:54,1,0,0
BRDA:54,1,1,0
BRDA:57,2,0,0
BRDA:57,2,1,0
BRDA:81,3,0,0
BRDA:81,3,1,0
BRDA:81,4,0,0
BRDA:81,4,1,0
BRDA:83,5,0,0
BRDA:83,5,1,0
BRDA:83,6,0,0
BRDA:83,6,1,0
BRDA:89,7,0,0
BRDA:97,8,0,0
BRDA:97,9,0,0
BRDA:97,9,1,0
BRDA:97,10,0,0
BRDA:97,10,1,0
BRDA:102,11,0,0
BRDA:102,11,1,0
BRDA:102,12,0,0
BRDA:102,12,1,0
BRDA:102,13,0,0
BRDA:102,13,1,0
BRDA:102,14,0,0
BRDA:102,14,1,0
BRDA:180,15,0,0
BRDA:180,16,0,0
BRDA:180,16,1,0
BRDA:180,17,0,0
BRDA:180,17,1,0
BRDA:180,18,0,0
BRDA:180,18,1,0
BRDA:196,19,0,0
BRDA:196,19,1,0
BRDA:198,20,0,0
BRDA:198,20,1,0
BRDA:198,21,0,0
BRDA:198,21,1,0
BRDA:242,22,0,0
BRDA:242,22,1,0
BRDA:242,23,0,0
BRDA:242,23,1,0
BRDA:242,24,0,0
BRDA:242,24,1,0
BRDA:242,25,0,0
BRDA:242,25,1,0
BRDA:250,26,0,0
BRDA:250,26,1,0
BRDA:250,27,0,0
BRDA:250,27,1,0
BRDA:255,28,0,0
BRDA:255,28,1,0
BRDA:255,29,0,0
BRDA:255,29,1,0
BRDA:263,30,0,0
BRDA:263,30,1,0
BRDA:263,31,0,0
BRDA:263,31,1,0
BRDA:270,32,0,0
BRDA:270,32,1,0
BRDA:270,33,0,0
BRDA:270,33,1,0
BRDA:280,34,0,0
BRDA:280,34,1,0
BRDA:280,35,0,0
BRDA:280,35,1,0
BRDA:285,36,0,0
BRDA:285,36,1,0
BRDA:285,37,0,0
BRDA:285,37,1,0
BRDA:295,38,0,0
BRDA:295,38,1,0
BRDA:295,39,0,0
BRDA:295,39,1,0
BRDA:302,40,0,0
BRDA:302,40,1,0
BRDA:302,41,0,0
BRDA:302,41,1,0
BRDA:312,42,0,0
BRDA:312,42,1,0
BRDA:312,43,0,0
BRDA:312,43,1,0
BRDA:317,44,0,0
BRDA:317,44,1,0
BRDA:317,45,0,0
BRDA:317,45,1,0
BRDA:327,46,0,0
BRDA:327,46,1,0
BRDA:327,47,0,0
BRDA:327,47,1,0
BRDA:330,48,0,0
BRDA:330,48,1,0
BRDA:330,49,0,0
BRDA:330,49,1,0
BRDA:331,50,0,0
BRDA:331,50,1,0
BRDA:331,51,0,0
BRDA:331,51,1,0
BRDA:332,52,0,0
BRDA:332,52,1,0
BRDA:332,53,0,0
BRDA:332,53,1,0
BRF:105
BRH:0
end_of_record
TN:
SF:src/app/modules/course/course.validation.ts
FNF:0
FNH:0
DA:1,1
DA:3,1
DA:13,1
DA:17,1
DA:38,1
DA:54,1
LF:6
LH:6
BRF:0
BRH:0
end_of_record
TN:
SF:src/app/modules/milestone/milestone.controller.ts
FN:6,(anonymous_8)
FN:6,(anonymous_9)
FN:17,(anonymous_10)
FN:17,(anonymous_11)
FN:28,(anonymous_12)
FN:28,(anonymous_13)
FN:39,(anonymous_14)
FN:39,(anonymous_15)
FNF:8
FNH:0
FNDA:0,(anonymous_8)
FNDA:0,(anonymous_9)
FNDA:0,(anonymous_10)
FNDA:0,(anonymous_11)
FNDA:0,(anonymous_12)
FNDA:0,(anonymous_13)
FNDA:0,(anonymous_14)
FNDA:0,(anonymous_15)
DA:1,1
DA:2,1
DA:3,1
DA:4,1
DA:6,1
DA:7,0
DA:8,0
DA:17,1
DA:18,0
DA:19,0
DA:28,1
DA:29,0
DA:30,0
DA:39,1
DA:40,0
DA:41,0
DA:50,1
LF:17
LH:9
BRF:0
BRH:0
end_of_record
TN:
SF:src/app/modules/milestone/milestone.routes.ts
FNF:0
FNH:0
DA:1,1
DA:2,1
DA:3,1
DA:4,1
DA:5,1
DA:6,1
DA:7,1
DA:10,1
DA:12,1
DA:14,1
DA:16,1
DA:18,1
DA:21,1
LF:13
LH:13
BRF:0
BRH:0
end_of_record
TN:
SF:src/app/modules/milestone/milestone.service.ts
FN:4,(anonymous_8)
FN:4,(anonymous_9)
FN:5,(anonymous_10)
FN:5,(anonymous_11)
FN:29,(anonymous_12)
FN:29,(anonymous_13)
FN:42,(anonymous_14)
FN:42,(anonymous_15)
FN:52,(anonymous_16)
FN:52,(anonymous_17)
FNF:10
FNH:0
FNDA:0,(anonymous_8)
FNDA:0,(anonymous_9)
FNDA:0,(anonymous_10)
FNDA:0,(anonymous_11)
FNDA:0,(anonymous_12)
FNDA:0,(anonymous_13)
FNDA:0,(anonymous_14)
FNDA:0,(anonymous_15)
FNDA:0,(anonymous_16)
FNDA:0,(anonymous_17)
DA:1,1
DA:4,1
DA:5,0
DA:6,0
DA:14,0
DA:16,0
DA:23,0
DA:25,0
DA:29,1
DA:30,0
DA:38,0
DA:42,1
DA:43,0
DA:48,0
DA:52,1
DA:53,0
DA:58,0
DA:62,1
LF:18
LH:6
BRDA:14,0,0,0
BRDA:14,0,1,0
BRDA:14,1,0,0
BRDA:14,1,1,0
BRF:4
BRH:0
end_of_record
TN:
SF:src/app/modules/milestone/milestone.validation.ts
FNF:0
FNH:0
DA:1,1
DA:3,1
DA:13,1
DA:17,1
LF:4
LH:4
BRF:0
BRH:0
end_of_record
TN:
SF:src/app/modules/module/module.controller.ts
FN:6,(anonymous_8)
FN:6,(anonymous_9)
FN:16,(anonymous_10)
FN:16,(anonymous_11)
FN:27,(anonymous_12)
FN:27,(anonymous_13)
FN:37,(anonymous_14)
FN:37,(anonymous_15)
FNF:8
FNH:0
FNDA:0,(anonymous_8)
FNDA:0,(anonymous_9)
FNDA:0,(anonymous_10)
FNDA:0,(anonymous_11)
FNDA:0,(anonymous_12)
FNDA:0,(anonymous_13)
FNDA:0,(anonymous_14)
FNDA:0,(anonymous_15)
DA:1,1
DA:2,1
DA:3,1
DA:4,1
DA:6,1
DA:7,0
DA:8,0
DA:16,1
DA:17,0
DA:18,0
DA:27,1
DA:28,0
DA:29,0
DA:37,1
DA:38,0
DA:39,0
DA:47,1
LF:17
LH:9
BRF:0
BRH:0
end_of_record
TN:
SF:src/app/modules/module/module.routes.ts
FNF:0
FNH:0
DA:1,1
DA:2,1
DA:3,1
DA:4,1
DA:5,1
DA:6,1
DA:7,1
DA:10,1
DA:12,1
DA:14,1
DA:16,1
DA:18,1
DA:20,1
LF:13
LH:13
BRF:0
BRH:0
end_of_record
TN:
SF:src/app/modules/module/module.service.ts
FN:4,(anonymous_8)
FN:4,(anonymous_9)
FN:5,(anonymous_10)
FN:5,(anonymous_11)
FN:29,(anonymous_12)
FN:29,(anonymous_13)
FN:40,(anonymous_14)
FN:40,(anonymous_15)
FN:50,(anonymous_16)
FN:50,(anonymous_17)
FNF:10
FNH:0
FNDA:0,(anonymous_8)
FNDA:0,(anonymous_9)
FNDA:0,(anonymous_10)
FNDA:0,(anonymous_11)
FNDA:0,(anonymous_12)
FNDA:0,(anonymous_13)
FNDA:0,(anonymous_14)
FNDA:0,(anonymous_15)
FNDA:0,(anonymous_16)
FNDA:0,(anonymous_17)
DA:1,1
DA:4,1
DA:5,0
DA:6,0
DA:14,0
DA:16,0
DA:23,0
DA:25,0
DA:29,1
DA:30,0
DA:36,0
DA:40,1
DA:41,0
DA:46,0
DA:50,1
DA:51,0
DA:68,0
DA:72,1
LF:18
LH:6
BRDA:14,0,0,0
BRDA:14,0,1,0
BRDA:14,1,0,0
BRDA:14,1,1,0
BRF:4
BRH:0
end_of_record
TN:
SF:src/app/modules/module/module.validation.ts
FNF:0
FNH:0
DA:1,1
DA:3,1
DA:14,1
DA:18,1
LF:4
LH:4
BRF:0
BRH:0
end_of_record
TN:
SF:src/app/modules/note/note.controller.ts
FN:8,(anonymous_8)
FN:8,(anonymous_9)
FN:19,(anonymous_10)
FN:19,(anonymous_11)
FN:29,(anonymous_12)
FN:29,(anonymous_13)
FN:39,(anonymous_14)
FN:39,(anonymous_15)
FNF:8
FNH:0
FNDA:0,(anonymous_8)
FNDA:0,(anonymous_9)
FNDA:0,(anonymous_10)
FNDA:0,(anonymous_11)
FNDA:0,(anonymous_12)
FNDA:0,(anonymous_13)
FNDA:0,(anonymous_14)
FNDA:0,(anonymous_15)
DA:2,1
DA:3,1
DA:4,1
DA:5,1
DA:8,1
DA:9,0
DA:10,0
DA:19,1
DA:20,0
DA:21,0
DA:29,1
DA:30,0
DA:31,0
DA:39,1
DA:40,0
DA:41,0
DA:50,1
LF:17
LH:9
BRF:0
BRH:0
end_of_record
TN:
SF:src/app/modules/note/note.routes.ts
FNF:0
FNH:0
DA:1,1
DA:2,1
DA:3,1
DA:4,1
DA:5,1
DA:6,1
DA:7,1
DA:9,1
DA:11,1
DA:12,1
DA:13,1
DA:14,1
DA:15,1
LF:13
LH:13
BRF:0
BRH:0
end_of_record
TN:
SF:src/app/modules/note/note.service.ts
FN:5,(anonymous_8)
FN:5,(anonymous_9)
FN:27,(anonymous_10)
FN:27,(anonymous_11)
FN:38,(anonymous_12)
FN:38,(anonymous_13)
FN:62,(anonymous_14)
FN:62,(anonymous_15)
FNF:8
FNH:0
FNDA:0,(anonymous_8)
FNDA:0,(anonymous_9)
FNDA:0,(anonymous_10)
FNDA:0,(anonymous_11)
FNDA:0,(anonymous_12)
FNDA:0,(anonymous_13)
FNDA:0,(anonymous_14)
FNDA:0,(anonymous_15)
DA:2,1
DA:5,1
DA:6,0
DA:24,0
DA:27,1
DA:28,0
DA:35,0
DA:38,1
DA:39,0
DA:59,0
DA:62,1
DA:63,0
DA:79,0
DA:82,1
LF:14
LH:6
BRF:0
BRH:0
end_of_record
TN:
SF:src/app/modules/note/note.validation.ts
FNF:0
FNH:0
DA:1,1
DA:3,1
DA:11,1
LF:3
LH:3
BRF:0
BRH:0
end_of_record
TN:
SF:src/app/modules/progress/progress.controller.ts
FN:9,(anonymous_8)
FN:9,(anonymous_9)
FN:20,(anonymous_10)
FN:20,(anonymous_11)
FN:31,(anonymous_12)
FN:31,(anonymous_13)
FN:42,(anonymous_14)
FN:42,(anonymous_15)
FN:53,(anonymous_16)
FN:53,(anonymous_17)
FNF:10
FNH:0
FNDA:0,(anonymous_8)
FNDA:0,(anonymous_9)
FNDA:0,(anonymous_10)
FNDA:0,(anonymous_11)
FNDA:0,(anonymous_12)
FNDA:0,(anonymous_13)
FNDA:0,(anonymous_14)
FNDA:0,(anonymous_15)
FNDA:0,(anonymous_16)
FNDA:0,(anonymous_17)
DA:2,1
DA:3,1
DA:4,1
DA:5,1
DA:9,1
DA:10,0
DA:11,0
DA:20,1
DA:21,0
DA:22,0
DA:31,1
DA:32,0
DA:33,0
DA:42,1
DA:43,0
DA:44,0
DA:53,1
DA:54,0
DA:55,0
DA:62,1
LF:20
LH:10
BRF:0
BRH:0
end_of_record
TN:
SF:src/app/modules/progress/progress.routes.ts
FNF:0
FNH:0
DA:1,1
DA:2,1
DA:3,1
DA:4,1
DA:5,1
DA:6,1
DA:7,1
DA:9,1
DA:11,1
DA:13,1
DA:15,1
DA:17,1
DA:19,1
DA:21,1
LF:14
LH:14
BRF:0
BRH:0
end_of_record
TN:
SF:src/app/modules/progress/progress.service.ts
FN:8,(anonymous_8)
FN:8,(anonymous_9)
FN:37,(anonymous_10)
FN:37,(anonymous_11)
FN:120,(anonymous_12)
FN:120,(anonymous_13)
FN:211,(anonymous_14)
FN:211,(anonymous_15)
FN:292,(anonymous_16)
FN:292,(anonymous_17)
FN:369,(anonymous_18)
FN:369,(anonymous_19)
FNF:12
FNH:0
FNDA:0,(anonymous_8)
FNDA:0,(anonymous_9)
FNDA:0,(anonymous_10)
FNDA:0,(anonymous_11)
FNDA:0,(anonymous_12)
FNDA:0,(anonymous_13)
FNDA:0,(anonymous_14)
FNDA:0,(anonymous_15)
FNDA:0,(anonymous_16)
FNDA:0,(anonymous_17)
FNDA:0,(anonymous_18)
FNDA:0,(anonymous_19)
DA:1,1
DA:2,1
DA:4,1
DA:8,1
DA:9,0
DA:18,0
DA:28,0
DA:29,0
DA:37,1
DA:38,0
DA:54,0
DA:55,0
DA:63,0
DA:64,0
DA:67,0
DA:68,0
DA:72,0
DA:101,0
DA:108,0
DA:109,0
DA:116,0
DA:120,1
DA:121,0
DA:139,0
DA:140,0
DA:148,0
DA:149,0
DA:153,0
DA:154,0
DA:158,0
DA:189,0
DA:190,0
DA:193,0
DA:200,0
DA:201,0
DA:207,0
DA:211,1
DA:212,0
DA:221,0
DA:223,0
DA:231,0
DA:232,0
DA:235,0
DA:242,0
DA:254,0
DA:255,0
DA:258,0
DA:275,0
DA:281,0
DA:282,0
DA:288,0
DA:292,1
DA:293,0
DA:299,0
DA:301,0
DA:309,0
DA:310,0
DA:313,0
DA:319,0
DA:329,0
DA:330,0
DA:334,0
DA:351,0
DA:358,0
DA:359,0
DA:365,0
DA:369,1
DA:370,0
DA:376,0
DA:384,0
DA:385,0
DA:388,0
DA:396,0
DA:397,0
DA:401,0
DA:420,0
DA:424,1
LF:77
LH:10
BRDA:22,0,0,0
BRDA:22,0,1,0
BRDA:22,1,0,0
BRDA:22,1,1,0
BRDA:22,2,0,0
BRDA:22,2,1,0
BRDA:22,3,0,0
BRDA:22,3,1,0
BRDA:28,4,0,0
BRDA:28,5,0,0
BRDA:28,5,1,0
BRDA:28,6,0,0
BRDA:28,6,1,0
BRDA:54,7,0,0
BRDA:54,7,1,0
BRDA:54,8,0,0
BRDA:54,8,1,0
BRDA:54,9,0,0
BRDA:54,9,1,0
BRDA:54,10,0,0
BRDA:54,10,1,0
BRDA:54,11,0,0
BRDA:54,11,1,0
BRDA:54,12,0,0
BRDA:54,12,1,0
BRDA:63,13,0,0
BRDA:63,14,0,0
BRDA:63,14,1,0
BRDA:67,15,0,0
BRDA:67,16,0,0
BRDA:67,16,1,0
BRDA:67,17,0,0
BRDA:67,17,1,0
BRDA:67,18,0,0
BRDA:67,18,1,0
BRDA:67,19,0,0
BRDA:67,19,1,0
BRDA:67,20,0,0
BRDA:67,20,1,0
BRDA:67,21,0,0
BRDA:67,21,1,0
BRDA:67,22,0,0
BRDA:67,22,1,0
BRDA:67,23,0,0
BRDA:67,23,1,0
BRDA:67,24,0,0
BRDA:67,24,1,0
BRDA:68,25,0,0
BRDA:68,25,1,0
BRDA:68,26,0,0
BRDA:68,26,1,0
BRDA:68,27,0,0
BRDA:68,27,1,0
BRDA:68,28,0,0
BRDA:68,28,1,0
BRDA:68,29,0,0
BRDA:68,29,1,0
BRDA:68,30,0,0
BRDA:68,30,1,0
BRDA:68,31,0,0
BRDA:68,31,1,0
BRDA:68,32,0,0
BRDA:68,32,1,0
BRDA:103,33,0,0
BRDA:103,33,1,0
BRDA:103,34,0,0
BRDA:103,34,1,0
BRDA:103,35,0,0
BRDA:103,35,1,0
BRDA:103,36,0,0
BRDA:103,36,1,0
BRDA:108,37,0,0
BRDA:108,38,0,0
BRDA:108,38,1,0
BRDA:108,39,0,0
BRDA:108,39,1,0
BRDA:108,40,0,0
BRDA:108,40,1,0
BRDA:108,41,0,0
BRDA:108,41,1,0
BRDA:108,42,0,0
BRDA:108,42,1,0
BRDA:108,43,0,0
BRDA:108,43,1,0
BRDA:110,44,0,0
BRDA:110,44,1,0
BRDA:110,45,0,0
BRDA:110,45,1,0
BRDA:110,46,0,0
BRDA:110,46,1,0
BRDA:110,47,0,0
BRDA:110,47,1,0
BRDA:110,48,0,0
BRDA:110,48,1,0
BRDA:110,49,0,0
BRDA:110,49,1,0
BRDA:139,50,0,0
BRDA:139,50,1,0
BRDA:139,51,0,0
BRDA:139,51,1,0
BRDA:139,52,0,0
BRDA:139,52,1,0
BRDA:139,53,0,0
BRDA:139,53,1,0
BRDA:139,54,0,0
BRDA:139,54,1,0
BRDA:139,55,0,0
BRDA:139,55,1,0
BRDA:148,56,0,0
BRDA:148,57,0,0
BRDA:148,57,1,0
BRDA:153,58,0,0
BRDA:153,59,0,0
BRDA:153,59,1,0
BRDA:153,60,0,0
BRDA:153,60,1,0
BRDA:153,61,0,0
BRDA:153,61,1,0
BRDA:153,62,0,0
BRDA:153,62,1,0
BRDA:153,63,0,0
BRDA:153,63,1,0
BRDA:153,64,0,0
BRDA:153,64,1,0
BRDA:153,65,0,0
BRDA:153,65,1,0
BRDA:153,66,0,0
BRDA:153,66,1,0
BRDA:153,67,0,0
BRDA:153,67,1,0
BRDA:154,68,0,0
BRDA:154,68,1,0
BRDA:154,69,0,0
BRDA:154,69,1,0
BRDA:154,70,0,0
BRDA:154,70,1,0
BRDA:154,71,0,0
BRDA:154,71,1,0
BRDA:154,72,0,0
BRDA:154,72,1,0
BRDA:154,73,0,0
BRDA:154,73,1,0
BRDA:154,74,0,0
BRDA:154,74,1,0
BRDA:154,75,0,0
BRDA:154,75,1,0
BRDA:189,76,0,0
BRDA:195,77,0,0
BRDA:195,77,1,0
BRDA:195,78,0,0
BRDA:195,78,1,0
BRDA:195,79,0,0
BRDA:195,79,1,0
BRDA:195,80,0,0
BRDA:195,80,1,0
BRDA:200,81,0,0
BRDA:200,82,0,0
BRDA:200,82,1,0
BRDA:200,83,0,0
BRDA:200,83,1,0
BRDA:200,84,0,0
BRDA:200,84,1,0
BRDA:200,85,0,0
BRDA:200,85,1,0
BRDA:200,86,0,0
BRDA:200,86,1,0
BRDA:200,87,0,0
BRDA:200,87,1,0
BRDA:202,88,0,0
BRDA:202,88,1,0
BRDA:202,89,0,0
BRDA:202,89,1,0
BRDA:202,90,0,0
BRDA:202,90,1,0
BRDA:202,91,0,0
BRDA:202,91,1,0
BRDA:202,92,0,0
BRDA:202,92,1,0
BRDA:202,93,0,0
BRDA:202,93,1,0
BRDA:221,94,0,0
BRDA:221,94,1,0
BRDA:221,95,0,0
BRDA:221,95,1,0
BRDA:221,96,0,0
BRDA:221,96,1,0
BRDA:221,97,0,0
BRDA:221,97,1,0
BRDA:231,98,0,0
BRDA:254,99,0,0
BRDA:277,100,0,0
BRDA:277,100,1,0
BRDA:277,101,0,0
BRDA:277,101,1,0
BRDA:281,102,0,0
BRDA:281,103,0,0
BRDA:281,103,1,0
BRDA:281,104,0,0
BRDA:281,104,1,0
BRDA:281,105,0,0
BRDA:281,105,1,0
BRDA:281,106,0,0
BRDA:281,106,1,0
BRDA:283,107,0,0
BRDA:283,107,1,0
BRDA:283,108,0,0
BRDA:283,108,1,0
BRDA:283,109,0,0
BRDA:283,109,1,0
BRDA:283,110,0,0
BRDA:283,110,1,0
BRDA:299,111,0,0
BRDA:299,111,1,0
BRDA:299,112,0,0
BRDA:299,112,1,0
BRDA:299,113,0,0
BRDA:299,113,1,0
BRDA:299,114,0,0
BRDA:299,114,1,0
BRDA:309,115,0,0
BRDA:329,116,0,0
BRDA:353,117,0,0
BRDA:353,117,1,0
BRDA:353,118,0,0
BRDA:353,118,1,0
BRDA:358,119,0,0
BRDA:358,120,0,0
BRDA:358,120,1,0
BRDA:358,121,0,0
BRDA:358,121,1,0
BRDA:358,122,0,0
BRDA:358,122,1,0
BRDA:358,123,0,0
BRDA:358,123,1,0
BRDA:360,124,0,0
BRDA:360,124,1,0
BRDA:360,125,0,0
BRDA:360,125,1,0
BRDA:360,126,0,0
BRDA:360,126,1,0
BRDA:360,127,0,0
BRDA:360,127,1,0
BRDA:384,128,0,0
BRDA:396,129,0,0
BRF:244
BRH:0
end_of_record
TN:
SF:src/app/modules/progress/progress.validation.ts
FNF:0
FNH:0
DA:1,1
DA:2,1
DA:11,1
DA:19,1
DA:27,1
DA:34,1
DA:41,1
LF:7
LH:7
BRF:0
BRH:0
end_of_record
TN:
SF:src/app/modules/quiz/quiz.controller.ts
FN:7,(anonymous_8)
FN:7,(anonymous_9)
FN:16,(anonymous_10)
FN:16,(anonymous_11)
FN:26,(anonymous_12)
FN:26,(anonymous_13)
FN:36,(anonymous_14)
FN:36,(anonymous_15)
FN:46,(anonymous_16)
FN:46,(anonymous_17)
FNF:10
FNH:0
FNDA:0,(anonymous_8)
FNDA:0,(anonymous_9)
FNDA:0,(anonymous_10)
FNDA:0,(anonymous_11)
FNDA:0,(anonymous_12)
FNDA:0,(anonymous_13)
FNDA:0,(anonymous_14)
FNDA:0,(anonymous_15)
FNDA:0,(anonymous_16)
FNDA:0,(anonymous_17)
DA:1,1
DA:2,1
DA:3,1
DA:5,1
DA:7,1
DA:8,0
DA:9,0
DA:16,1
DA:17,0
DA:18,0
DA:26,1
DA:27,0
DA:28,0
DA:36,1
DA:37,0
DA:38,0
DA:46,1
DA:47,0
DA:48,0
DA:56,1
LF:20
LH:10
BRF:0
BRH:0
end_of_record
TN:
SF:src/app/modules/quiz/quiz.routes.ts
FNF:0
FNH:0
DA:1,1
DA:2,1
DA:3,1
DA:4,1
DA:5,1
DA:6,1
DA:7,1
DA:10,1
DA:11,1
DA:13,1
DA:15,1
DA:17,1
DA:19,1
DA:21,1
LF:14
LH:14
BRF:0
BRH:0
end_of_record
TN:
SF:src/app/modules/quiz/quiz.service.ts
FN:6,(anonymous_8)
FN:6,(anonymous_9)
FN:28,(anonymous_10)
FN:42,(anonymous_11)
FN:42,(anonymous_12)
FN:98,(anonymous_13)
FN:98,(anonymous_14)
FN:99,(anonymous_15)
FN:99,(anonymous_16)
FN:110,(anonymous_17)
FN:124,(anonymous_18)
FN:124,(anonymous_19)
FN:125,(anonymous_20)
FN:125,(anonymous_21)
FN:148,(anonymous_22)
FN:148,(anonymous_23)
FN:154,(anonymous_24)
FN:155,(anonymous_25)
FNF:18
FNH:0
FNDA:0,(anonymous_8)
FNDA:0,(anonymous_9)
FNDA:0,(anonymous_10)
FNDA:0,(anonymous_11)
FNDA:0,(anonymous_12)
FNDA:0,(anonymous_13)
FNDA:0,(anonymous_14)
FNDA:0,(anonymous_15)
FNDA:0,(anonymous_16)
FNDA:0,(anonymous_17)
FNDA:0,(anonymous_18)
FNDA:0,(anonymous_19)
FNDA:0,(anonymous_20)
FNDA:0,(anonymous_21)
FNDA:0,(anonymous_22)
FNDA:0,(anonymous_23)
FNDA:0,(anonymous_24)
FNDA:0,(anonymous_25)
DA:2,1
DA:6,1
DA:7,0
DA:15,0
DA:16,0
DA:17,0
DA:19,0
DA:28,0
DA:38,0
DA:42,1
DA:43,0
DA:67,0
DA:68,0
DA:69,0
DA:70,0
DA:79,0
DA:91,0
DA:94,0
DA:95,0
DA:98,1
DA:99,0
DA:100,0
DA:106,0
DA:110,0
DA:119,0
DA:121,0
DA:124,1
DA:125,0
DA:126,0
DA:131,0
DA:136,0
DA:142,0
DA:144,0
DA:148,1
DA:149,0
DA:153,0
DA:154,0
DA:155,0
DA:156,0
DA:157,0
DA:161,0
DA:162,0
DA:165,1
LF:43
LH:7
BRDA:16,0,0,0
BRDA:68,1,0,0
BRDA:69,2,0,0
BRDA:69,2,1,0
BRDA:69,3,0,0
BRDA:69,3,1,0
BRDA:69,4,0,0
BRDA:69,4,1,0
BRDA:69,5,0,0
BRDA:69,5,1,0
BRDA:74,6,0,0
BRDA:74,6,1,0
BRDA:74,7,0,0
BRDA:74,7,1,0
BRDA:82,8,0,0
BRDA:82,8,1,0
BRDA:82,9,0,0
BRDA:82,9,1,0
BRDA:82,10,0,0
BRDA:82,10,1,0
BRDA:82,11,0,0
BRDA:82,11,1,0
BRDA:83,12,0,0
BRDA:83,12,1,0
BRDA:83,13,0,0
BRDA:83,13,1,0
BRDA:83,14,0,0
BRDA:83,14,1,0
BRDA:83,15,0,0
BRDA:83,15,1,0
BRDA:91,16,0,0
BRDA:91,16,1,0
BRDA:91,17,0,0
BRDA:91,17,1,0
BRDA:155,18,0,0
BRDA:155,18,1,0
BRDA:155,19,0,0
BRDA:155,19,1,0
BRDA:156,20,0,0
BRDA:156,21,0,0
BRDA:156,21,1,0
BRDA:156,22,0,0
BRDA:156,22,1,0
BRF:43
BRH:0
end_of_record
TN:
SF:src/app/modules/quiz/quiz.validation.ts
FNF:0
FNH:0
DA:1,1
DA:3,1
DA:17,1
DA:29,1
DA:37,1
LF:5
LH:5
BRF:0
BRH:0
end_of_record
TN:
SF:src/app/modules/transactions/transactions.controller.ts
FN:9,(anonymous_8)
FN:9,(anonymous_9)
FN:19,(anonymous_10)
FN:19,(anonymous_11)
FNF:4
FNH:0
FNDA:0,(anonymous_8)
FNDA:0,(anonymous_9)
FNDA:0,(anonymous_10)
FNDA:0,(anonymous_11)
DA:3,1
DA:4,1
DA:5,1
DA:6,1
DA:9,1
DA:10,0
DA:11,0
DA:19,1
DA:20,0
DA:21,0
DA:29,1
LF:11
LH:7
BRF:0
BRH:0
end_of_record
TN:
SF:src/app/modules/transactions/transactions.routes.ts
FNF:0
FNH:0
DA:1,1
DA:2,1
DA:3,1
DA:4,1
DA:5,1
DA:6,1
DA:8,1
DA:10,1
DA:12,1
DA:14,1
LF:10
LH:10
BRF:0
BRH:0
end_of_record
TN:
SF:src/app/modules/transactions/transactions.service.ts
FN:7,(anonymous_8)
FN:7,(anonymous_9)
FN:19,(anonymous_10)
FN:19,(anonymous_11)
FN:39,(anonymous_12)
FN:39,(anonymous_13)
FNF:6
FNH:0
FNDA:0,(anonymous_8)
FNDA:0,(anonymous_9)
FNDA:0,(anonymous_10)
FNDA:0,(anonymous_11)
FNDA:0,(anonymous_12)
FNDA:0,(anonymous_13)
DA:3,1
DA:4,1
DA:5,1
DA:7,1
DA:8,0
DA:17,0
DA:19,1
DA:22,0
DA:27,0
DA:28,0
DA:31,0
DA:34,0
DA:35,0
DA:39,0
DA:41,0
DA:48,0
DA:55,0
DA:58,0
DA:61,1
LF:19
LH:6
BRDA:27,0,0,0
BRDA:34,1,0,0
BRDA:34,2,0,0
BRDA:34,2,1,0
BRF:4
BRH:0
end_of_record
TN:
SF:src/app/modules/transactions/transactions.validation.ts
FNF:0
FNH:0
DA:1,1
DA:3,1
DA:10,1
LF:3
LH:3
BRF:0
BRH:0
end_of_record
TN:
SF:src/app/modules/user/user.controller.ts
FN:10,(anonymous_8)
FN:10,(anonymous_9)
FN:23,(anonymous_10)
FN:23,(anonymous_11)
FN:36,(anonymous_12)
FN:36,(anonymous_13)
FN:49,(anonymous_14)
FN:49,(anonymous_15)
FN:60,(anonymous_16)
FN:60,(anonymous_17)
FN:75,(anonymous_18)
FN:75,(anonymous_19)
FNF:12
FNH:0
FNDA:0,(anonymous_8)
FNDA:0,(anonymous_9)
FNDA:0,(anonymous_10)
FNDA:0,(anonymous_11)
FNDA:0,(anonymous_12)
FNDA:0,(anonymous_13)
FNDA:0,(anonymous_14)
FNDA:0,(anonymous_15)
FNDA:0,(anonymous_16)
FNDA:0,(anonymous_17)
FNDA:0,(anonymous_18)
FNDA:0,(anonymous_19)
DA:2,1
DA:3,1
DA:4,1
DA:5,1
DA:7,1
DA:10,1
DA:12,0
DA:14,0
DA:15,0
DA:23,1
DA:25,0
DA:27,0
DA:28,0
DA:36,1
DA:38,0
DA:40,0
DA:41,0
DA:49,1
DA:51,0
DA:52,0
DA:60,1
DA:62,0
DA:63,0
DA:64,0
DA:66,0
DA:67,0
DA:75,1
DA:77,0
DA:78,0
DA:87,1
LF:30
LH:12
BRDA:12,0,0,0
BRDA:12,0,1,0
BRDA:12,1,0,0
BRDA:12,1,1,0
BRDA:12,2,0,0
BRDA:12,2,1,0
BRDA:25,3,0,0
BRDA:25,3,1,0
BRDA:25,4,0,0
BRDA:25,4,1,0
BRDA:25,5,0,0
BRDA:25,5,1,0
BRDA:38,6,0,0
BRDA:38,6,1,0
BRDA:38,7,0,0
BRDA:38,7,1,0
BRDA:38,8,0,0
BRDA:38,8,1,0
BRDA:63,9,0,0
BRF:19
BRH:0
end_of_record
TN:
SF:src/app/modules/user/user.routes.ts
FN:25,(anonymous_1)
FN:36,(anonymous_2)
FN:47,(anonymous_3)
FNF:3
FNH:0
FNDA:0,(anonymous_1)
FNDA:0,(anonymous_2)
FNDA:0,(anonymous_3)
DA:1,1
DA:2,1
DA:3,1
DA:4,1
DA:5,1
DA:6,1
DA:7,1
DA:9,1
DA:11,1
DA:16,1
DA:22,1
DA:26,0
DA:27,0
DA:33,1
DA:37,0
DA:38,0
DA:44,1
DA:48,0
DA:49,0
DA:55,1
DA:57,1
LF:21
LH:15
BRF:0
BRH:0
end_of_record
TN:
SF:src/app/modules/user/user.service.ts
FN:16,(anonymous_8)
FN:16,(anonymous_9)
FN:68,(anonymous_10)
FN:68,(anonymous_11)
FN:145,(anonymous_12)
FN:145,(anonymous_13)
FN:223,(anonymous_14)
FN:223,(anonymous_15)
FN:267,(anonymous_16)
FN:267,(anonymous_17)
FN:323,(anonymous_18)
FN:323,(anonymous_19)
FNF:12
FNH:0
FNDA:0,(anonymous_8)
FNDA:0,(anonymous_9)
FNDA:0,(anonymous_10)
FNDA:0,(anonymous_11)
FNDA:0,(anonymous_12)
FNDA:0,(anonymous_13)
FNDA:0,(anonymous_14)
FNDA:0,(anonymous_15)
FNDA:0,(anonymous_16)
FNDA:0,(anonymous_17)
FNDA:0,(anonymous_18)
FNDA:0,(anonymous_19)
DA:2,1
DA:4,1
DA:5,1
DA:6,1
DA:7,1
DA:8,1
DA:10,1
DA:11,1
DA:12,1
DA:16,1
DA:18,0
DA:19,0
DA:20,0
DA:23,0
DA:24,0
DA:26,0
DA:35,0
DA:42,0
DA:65,0
DA:68,1
DA:70,0
DA:71,0
DA:72,0
DA:75,0
DA:76,0
DA:77,0
DA:78,0
DA:81,0
DA:86,0
DA:93,0
DA:105,0
DA:133,0
DA:134,0
DA:139,0
DA:145,1
DA:147,0
DA:148,0
DA:149,0
DA:152,0
DA:153,0
DA:154,0
DA:155,0
DA:158,0
DA:163,0
DA:170,0
DA:183,0
DA:210,0
DA:211,0
DA:216,0
DA:223,1
DA:224,0
DA:267,1
DA:269,0
DA:271,0
DA:272,0
DA:275,0
DA:277,0
DA:279,0
DA:280,0
DA:288,0
DA:289,0
DA:290,0
DA:299,0
DA:302,0
DA:304,0
DA:306,0
DA:317,0
DA:323,1
DA:324,0
DA:325,0
DA:326,0
DA:333,0
DA:334,0
DA:340,0
DA:342,1
LF:75
LH:16
BRDA:18,0,0,0
BRDA:20,1,0,0
BRDA:20,1,1,0
BRDA:20,2,0,0
BRDA:20,2,1,0
BRDA:70,3,0,0
BRDA:72,4,0,0
BRDA:72,4,1,0
BRDA:72,5,0,0
BRDA:72,5,1,0
BRDA:133,6,0,0
BRDA:147,7,0,0
BRDA:149,8,0,0
BRDA:149,8,1,0
BRDA:149,9,0,0
BRDA:149,9,1,0
BRDA:210,10,0,0
BRDA:271,11,0,0
BRDA:279,12,0,0
BRDA:279,12,1,0
BRDA:289,13,0,0
BRDA:304,14,0,0
BRDA:325,15,0,0
BRDA:333,16,0,0
BRF:24
BRH:0
end_of_record
TN:
SF:src/app/modules/user/user.validations.ts
FNF:0
FNH:0
DA:1,1
DA:2,1
DA:5,1
DA:17,1
DA:34,1
DA:49,1
DA:56,1
LF:7
LH:7
BRF:0
BRH:0
end_of_record
TN:
SF:src/app/modules/video/video.controller.ts
FN:8,(anonymous_8)
FN:8,(anonymous_9)
FN:19,(anonymous_10)
FN:19,(anonymous_11)
FN:30,(anonymous_12)
FN:30,(anonymous_13)
FN:41,(anonymous_14)
FN:41,(anonymous_15)
FNF:8
FNH:0
FNDA:0,(anonymous_8)
FNDA:0,(anonymous_9)
FNDA:0,(anonymous_10)
FNDA:0,(anonymous_11)
FNDA:0,(anonymous_12)
FNDA:0,(anonymous_13)
FNDA:0,(anonymous_14)
FNDA:0,(anonymous_15)
DA:1,1
DA:2,1
DA:3,1
DA:4,1
DA:8,1
DA:9,0
DA:10,0
DA:19,1
DA:20,0
DA:21,0
DA:30,1
DA:31,0
DA:32,0
DA:41,1
DA:42,0
DA:43,0
DA:52,1
LF:17
LH:9
BRF:0
BRH:0
end_of_record
TN:
SF:src/app/modules/video/video.routes.ts
FNF:0
FNH:0
DA:1,1
DA:2,1
DA:3,1
DA:4,1
DA:5,1
DA:6,1
DA:7,1
DA:9,1
DA:11,1
DA:13,1
DA:15,1
DA:17,1
DA:19,1
LF:13
LH:13
BRF:0
BRH:0
end_of_record
TN:
SF:src/app/modules/video/video.service.ts
FN:6,(anonymous_8)
FN:6,(anonymous_9)
FN:60,(anonymous_10)
FN:60,(anonymous_11)
FN:73,(anonymous_12)
FN:73,(anonymous_13)
FN:74,(anonymous_14)
FN:74,(anonymous_15)
FN:92,(anonymous_16)
FN:92,(anonymous_17)
FN:93,(anonymous_18)
FN:93,(anonymous_19)
FNF:12
FNH:0
FNDA:0,(anonymous_8)
FNDA:0,(anonymous_9)
FNDA:0,(anonymous_10)
FNDA:0,(anonymous_11)
FNDA:0,(anonymous_12)
FNDA:0,(anonymous_13)
FNDA:0,(anonymous_14)
FNDA:0,(anonymous_15)
FNDA:0,(anonymous_16)
FNDA:0,(anonymous_17)
FNDA:0,(anonymous_18)
FNDA:0,(anonymous_19)
DA:2,1
DA:6,1
DA:7,0
DA:29,0
DA:30,0
DA:31,0
DA:32,0
DA:40,0
DA:53,0
DA:55,0
DA:56,0
DA:60,1
DA:61,0
DA:69,0
DA:73,1
DA:74,0
DA:75,0
DA:81,0
DA:86,0
DA:88,0
DA:92,1
DA:93,0
DA:94,0
DA:103,0
DA:105,0
DA:118,0
DA:122,1
LF:27
LH:6
BRDA:30,0,0,0
BRDA:31,1,0,0
BRDA:31,1,1,0
BRDA:31,2,0,0
BRDA:31,2,1,0
BRDA:31,3,0,0
BRDA:31,3,1,0
BRDA:31,4,0,0
BRDA:31,4,1,0
BRDA:36,5,0,0
BRDA:36,5,1,0
BRDA:36,6,0,0
BRDA:36,6,1,0
BRDA:43,7,0,0
BRDA:43,7,1,0
BRDA:43,8,0,0
BRDA:43,8,1,0
BRDA:43,9,0,0
BRDA:43,9,1,0
BRDA:43,10,0,0
BRDA:43,10,1,0
BRDA:44,11,0,0
BRDA:44,11,1,0
BRDA:44,12,0,0
BRDA:44,12,1,0
BRDA:44,13,0,0
BRDA:44,13,1,0
BRDA:44,14,0,0
BRDA:44,14,1,0
BRDA:53,15,0,0
BRDA:53,15,1,0
BRDA:53,16,0,0
BRDA:53,16,1,0
BRDA:103,17,0,0
BRDA:103,17,1,0
BRDA:103,18,0,0
BRDA:103,18,1,0
BRDA:103,19,0,0
BRDA:103,19,1,0
BRDA:103,20,0,0
BRDA:103,20,1,0
BRF:41
BRH:0
end_of_record
TN:
SF:src/app/modules/video/video.validation.ts
FNF:0
FNH:0
DA:1,1
DA:3,1
DA:14,1
DA:18,1
LF:4
LH:4
BRF:0
BRH:0
end_of_record
TN:
SF:src/app/routes/index.ts
FN:69,(anonymous_1)
FNF:1
FNH:1
FNDA:12,(anonymous_1)
DA:1,1
DA:2,1
DA:3,1
DA:4,1
DA:5,1
DA:6,1
DA:7,1
DA:8,1
DA:9,1
DA:10,1
DA:11,1
DA:12,1
DA:13,1
DA:15,1
DA:17,1
DA:69,12
DA:70,1
LF:17
LH:17
BRF:0
BRH:0
end_of_record
TN:
SF:src/shared/catchAsync.ts
FN:3,(anonymous_7)
FN:3,(anonymous_8)
FN:3,(anonymous_9)
FNF:3
FNH:1
FNDA:54,(anonymous_7)
FNDA:0,(anonymous_8)
FNDA:0,(anonymous_9)
DA:3,54
DA:4,0
DA:5,0
DA:7,0
DA:11,1
LF:5
LH:2
BRF:0
BRH:0
end_of_record
TN:
SF:src/shared/logger.ts
FN:9,(anonymous_1)
FNF:1
FNH:0
FNDA:0,(anonymous_1)
DA:2,1
DA:3,1
DA:4,1
DA:5,1
DA:9,1
DA:10,0
DA:11,0
DA:12,0
DA:13,0
DA:14,0
DA:17,1
DA:38,1
DA:59,1
LF:13
LH:8
BRF:0
BRH:0
end_of_record
TN:
SF:src/shared/pick.ts
FN:3,(anonymous_0)
FNF:1
FNH:0
FNDA:0,(anonymous_0)
DA:3,0
DA:7,0
DA:9,0
DA:10,0
DA:11,0
DA:14,0
DA:17,0
LF:7
LH:0
BRDA:10,0,0,0
BRDA:10,1,0,0
BRDA:10,1,1,0
BRF:3
BRH:0
end_of_record
TN:
SF:src/shared/prisma.ts
FNF:0
FNH:0
DA:1,1
DA:3,1
DA:7,1
LF:3
LH:3
BRF:0
BRH:0
end_of_record
TN:
SF:src/shared/sendResponse.ts
FN:15,(anonymous_0)
FNF:1
FNH:0
FNDA:0,(anonymous_0)
DA:15,1
DA:16,0
DA:24,0
DA:27,1
LF:4
LH:2
BRDA:19,0,0,0
BRDA:19,0,1,0
BRDA:19,1,0,0
BRDA:19,1,1,0
BRDA:20,2,0,0
BRDA:20,2,1,0
BRDA:20,3,0,0
BRDA:20,3,1,0
BRDA:20,4,0,0
BRDA:20,4,1,0
BRDA:20,5,0,0
BRDA:20,5,1,0
BRDA:21,6,0,0
BRDA:21,6,1,0
BRDA:21,7,0,0
BRDA:21,7,1,0
BRDA:21,8,0,0
BRDA:21,8,1,0
BRDA:21,9,0,0
BRDA:21,9,1,0
BRF:20
BRH:0
end_of_record
TN:
SF:src/shared/utils.ts
FN:1,(anonymous_7)
FN:1,(anonymous_8)
FNF:2
FNH:0
FNDA:0,(anonymous_7)
FNDA:0,(anonymous_8)
DA:1,0
DA:2,0
DA:3,0
DA:5,0
DA:6,0
LF:5
LH:0
BRDA:2,0,0,0
BRF:1
BRH:0
end_of_record
TN:
SF:src/swagger/index.ts
FN:8,(anonymous_1)
FNF:1
FNH:1
FNDA:12,(anonymous_1)
DA:1,1
DA:2,1
DA:4,1
DA:6,1
DA:8,1
DA:9,12
DA:10,12
DA:11,12
DA:17,1
LF:9
LH:9
BRF:0
BRH:0
end_of_record
